{
  "RSpec": {
    "coverage": {
      "/Users/hr/Desktop/checklists_for_health/spec/features/add_physical_task_spec.rb": [
        1,
        1,
        null,
        1,
        1,
        1,
        1,
        1,
        1,
        1,
        1,
        1,
        1,
        1,
        1,
        1,
        null,
        null,
        null,
        1,
        1,
        1,
        1,
        1,
        1,
        1,
        1,
        1,
        1,
        0,
        0,
        0,
        0,
        null,
        null
      ],
      "/Users/hr/Desktop/checklists_for_health/spec/rails_helper.rb": [
        null,
        1,
        1,
        null,
        1,
        1,
        1,
        null,
        1,
        null,
        null,
        null,
        null,
        null,
        null,
        null,
        null,
        null,
        null,
        null,
        null,
        null,
        null,
        null,
        null,
        null,
        null,
        null,
        1,
        null,
        1,
        null,
        1,
        null,
        1,
        null,
        1,
        20,
        null,
        null,
        null,
        null,
        null,
        null,
        1,
        1,
        null,
        null,
        1,
        20,
        20,
        null,
        null,
        null,
        null,
        null,
        null,
        null,
        null,
        null,
        null,
        null,
        null,
        null,
        null,
        null,
        null,
        1,
        null,
        null,
        1,
        null,
        null,
        null,
        null,
        1,
        1,
        1,
        1,
        null,
        null
      ],
      "/Users/hr/Desktop/checklists_for_health/config/environment.rb": [
        null,
        1,
        null,
        null,
        1
      ],
      "/Users/hr/Desktop/checklists_for_health/config/application.rb": [
        1,
        null,
        1,
        null,
        1,
        1,
        1,
        1,
        1,
        1,
        1,
        1,
        null,
        null,
        null,
        null,
        1,
        null,
        1,
        1,
        null,
        null,
        null,
        null,
        null
      ],
      "/Users/hr/Desktop/checklists_for_health/config/boot.rb": [
        1,
        null,
        1
      ],
      "/Users/hr/Desktop/checklists_for_health/config/environments/test.rb": [
        1,
        null,
        null,
        null,
        null,
        null,
        null,
        1,
        null,
        null,
        null,
        null,
        1,
        null,
        null,
        1,
        1,
        null,
        null,
        null,
        null,
        1,
        1,
        null,
        null,
        1,
        null,
        null,
        1,
        1,
        null,
        null,
        null,
        null,
        1,
        null,
        null,
        1,
        null,
        null,
        null,
        null
      ],
      "/Users/hr/Desktop/checklists_for_health/config/initializers/application_controller_renderer.rb": [
        null,
        null,
        null,
        null,
        null,
        null
      ],
      "/Users/hr/Desktop/checklists_for_health/config/initializers/assets.rb": [
        null,
        null,
        null,
        1,
        null,
        null,
        null,
        null,
        null,
        null,
        null
      ],
      "/Users/hr/Desktop/checklists_for_health/config/initializers/backtrace_silencers.rb": [
        null,
        null,
        null,
        null,
        null,
        null,
        null
      ],
      "/Users/hr/Desktop/checklists_for_health/config/initializers/cookies_serializer.rb": [
        null,
        null,
        null,
        null,
        1
      ],
      "/Users/hr/Desktop/checklists_for_health/config/initializers/devise.rb": [
        null,
        null,
        1,
        null,
        null,
        null,
        null,
        null,
        null,
        null,
        null,
        null,
        null,
        null,
        1,
        null,
        null,
        null,
        null,
        null,
        null,
        null,
        null,
        null,
        null,
        null,
        1,
        null,
        null,
        null,
        null,
        null,
        null,
        null,
        null,
        null,
        null,
        null,
        null,
        null,
        null,
        null,
        null,
        null,
        null,
        null,
        null,
        null,
        1,
        null,
        null,
        null,
        null,
        1,
        null,
        null,
        null,
        null,
        null,
        null,
        null,
        null,
        null,
        null,
        null,
        null,
        null,
        null,
        null,
        null,
        null,
        null,
        null,
        null,
        null,
        null,
        null,
        null,
        null,
        null,
        null,
        null,
        null,
        null,
        1,
        null,
        null,
        null,
        null,
        null,
        null,
        null,
        null,
        null,
        null,
        null,
        null,
        null,
        null,
        null,
        null,
        null,
        null,
        null,
        null,
        null,
        null,
        1,
        null,
        null,
        null,
        null,
        null,
        null,
        null,
        null,
        null,
        null,
        null,
        null,
        null,
        null,
        null,
        null,
        null,
        null,
        null,
        null,
        null,
        null,
        null,
        null,
        null,
        null,
        null,
        1,
        null,
        null,
        null,
        null,
        null,
        null,
        null,
        null,
        null,
        1,
        null,
        null,
        null,
        null,
        null,
        null,
        null,
        null,
        null,
        null,
        1,
        null,
        null,
        null,
        null,
        1,
        null,
        null,
        null,
        null,
        null,
        null,
        null,
        null,
        null,
        null,
        null,
        null,
        null,
        null,
        null,
        null,
        null,
        null,
        null,
        null,
        null,
        null,
        null,
        null,
        null,
        null,
        null,
        null,
        null,
        null,
        null,
        null,
        null,
        null,
        null,
        null,
        null,
        null,
        null,
        null,
        1,
        null,
        null,
        null,
        null,
        null,
        null,
        null,
        null,
        null,
        null,
        null,
        null,
        null,
        null,
        null,
        null,
        null,
        null,
        null,
        null,
        null,
        null,
        null,
        null,
        null,
        null,
        null,
        null,
        null,
        null,
        null,
        null,
        null,
        null,
        null,
        null,
        null,
        null,
        null,
        null,
        null,
        1,
        null,
        null,
        null,
        null,
        null,
        null,
        null,
        null,
        null,
        null,
        null,
        null,
        null,
        null,
        null,
        null,
        null,
        null,
        null,
        null,
        null,
        null,
        null,
        null,
        null,
        null,
        null,
        null,
        null,
        null
      ],
      "/Users/hr/Desktop/checklists_for_health/config/initializers/filter_parameter_logging.rb": [
        null,
        null,
        null,
        1
      ],
      "/Users/hr/Desktop/checklists_for_health/config/initializers/inflections.rb": [
        null,
        null,
        null,
        null,
        null,
        null,
        null,
        null,
        null,
        null,
        null,
        null,
        null,
        null,
        null,
        null
      ],
      "/Users/hr/Desktop/checklists_for_health/config/initializers/mime_types.rb": [
        null,
        null,
        null,
        null
      ],
      "/Users/hr/Desktop/checklists_for_health/config/initializers/new_framework_defaults.rb": [
        null,
        null,
        null,
        null,
        null,
        null,
        null,
        1,
        null,
        null,
        1,
        null,
        null,
        null,
        1,
        null,
        null,
        1,
        null,
        null,
        1,
        null,
        null,
        1
      ],
      "/Users/hr/Desktop/checklists_for_health/config/initializers/session_store.rb": [
        null,
        null,
        1
      ],
      "/Users/hr/Desktop/checklists_for_health/config/initializers/wrap_parameters.rb": [
        null,
        null,
        null,
        null,
        null,
        null,
        1,
        2,
        null,
        null,
        null,
        null,
        null,
        null
      ],
      "/Users/hr/Desktop/checklists_for_health/config/routes.rb": [
        1,
        1,
        null,
        1,
        1,
        1,
        null,
        1,
        1,
        1,
        1,
        1,
        null,
        null
      ],
      "/Users/hr/Desktop/checklists_for_health/app/models/user.rb": [
        1,
        1,
        1,
        null,
        null
      ],
      "/Users/hr/Desktop/checklists_for_health/app/models/application_record.rb": [
        1,
        1,
        null
      ],
      "/Users/hr/Desktop/checklists_for_health/app/controllers/application_controller.rb": [
        1,
        1,
        null
      ],
      "/Users/hr/Desktop/checklists_for_health/app/helpers/application_helper.rb": [
        1,
        null
      ],
      "/Users/hr/Desktop/checklists_for_health/app/channels/application_cable/channel.rb": [
        1,
        1,
        null,
        null
      ],
      "/Users/hr/Desktop/checklists_for_health/app/channels/application_cable/connection.rb": [
        1,
        1,
        null,
        null
      ],
      "/Users/hr/Desktop/checklists_for_health/app/controllers/physical_tasks_controller.rb": [
        1,
        1,
        1,
        1,
        null,
        null,
        1,
        1,
        1,
        1,
        0,
        0,
        0,
        null,
        null,
        1,
        null,
        null,
        null,
        1,
        0,
        0,
        null,
        null,
        1,
        0,
        0,
        0,
        0,
        0,
        0,
        0,
        null,
        null,
        0,
        null,
        null,
        null,
        1,
        0,
        0,
        0,
        0,
        null,
        null,
        1,
        1,
        1,
        null,
        null
      ],
      "/Users/hr/Desktop/checklists_for_health/app/controllers/weeks_controller.rb": [
        1,
        1,
        1,
        8,
        null,
        null,
        null,
        1,
        5,
        5,
        null,
        null,
        1,
        null,
        3,
        null,
        null,
        1,
        3,
        null,
        3,
        2,
        2,
        3,
        2,
        null,
        null,
        1,
        1,
        null,
        null,
        null,
        1,
        2,
        null,
        null,
        1,
        2,
        2,
        1,
        1,
        2,
        1,
        null,
        null,
        1,
        1,
        null,
        null,
        null,
        1,
        1,
        1,
        1,
        1,
        null,
        null,
        1,
        1,
        5,
        null,
        null,
        null
      ],
      "/Users/hr/Desktop/checklists_for_health/app/jobs/application_job.rb": [
        1,
        null
      ],
      "/Users/hr/Desktop/checklists_for_health/app/mailers/application_mailer.rb": [
        1,
        1,
        1,
        null
      ],
      "/Users/hr/Desktop/checklists_for_health/app/models/mental_task.rb": [
        1,
        1,
        null,
        1,
        null
      ],
      "/Users/hr/Desktop/checklists_for_health/app/models/one_and_done.rb": [
        1,
        1,
        null,
        1,
        null
      ],
      "/Users/hr/Desktop/checklists_for_health/app/models/ongoing_task.rb": [
        1,
        1,
        null,
        1,
        null
      ],
      "/Users/hr/Desktop/checklists_for_health/app/models/physical_task.rb": [
        1,
        1,
        null,
        1,
        null
      ],
      "/Users/hr/Desktop/checklists_for_health/app/models/week.rb": [
        1,
        1,
        1,
        1,
        1,
        1,
        1,
        null
      ],
      "/Users/hr/Desktop/checklists_for_health/spec/factories.rb": [
        1,
        1,
        1,
        1,
        null,
        null,
        1,
        1,
        1,
        1,
        null,
        null
      ],
      "/Users/hr/Desktop/checklists_for_health/spec/features/add_week_pages_spec.rb": [
        1,
        null,
        1,
        1,
        1,
        1,
        null,
        1,
        null,
        1,
        null,
        1,
        1,
        1,
        null,
        null,
        1,
        1,
        1,
        null,
        1,
        1,
        1,
        null,
        null,
        1,
        1,
        1,
        1,
        1,
        1,
        1,
        1,
        1,
        1,
        null,
        null
      ],
      "/Users/hr/Desktop/checklists_for_health/spec/features/edit_week_pages_spec.rb": [
        1,
        null,
        1,
        1,
        1,
        1,
        1,
        1,
        1,
        1,
        1,
        1,
        1,
        null,
        null,
        1,
        1,
        1,
        1,
        1,
        1,
        1,
        1,
        1,
        1,
        null,
        null,
        null,
        1,
        1,
        1,
        1,
        1,
        1,
        1,
        1,
        null,
        null
      ],
      "/Users/hr/Desktop/checklists_for_health/spec/features/user_log_in_spec.rb": [
        1,
        null,
        1,
        1,
        1,
        1,
        1,
        1,
        1,
        1,
        null,
        null
      ],
      "/Users/hr/Desktop/checklists_for_health/spec/models/one_and_done_spec.rb": [
        1,
        null,
        1,
        2,
        2,
        null
      ],
      "/Users/hr/Desktop/checklists_for_health/spec/models/physical_task_spec.rb": [
        1,
        null,
        1,
        2,
        2,
        null
      ],
      "/Users/hr/Desktop/checklists_for_health/spec/models/user_spec.rb": [
        1,
        null,
        1,
        2,
        null
      ],
      "/Users/hr/Desktop/checklists_for_health/spec/models/week_spec.rb": [
        1,
        null,
        1,
        2,
        2,
        2,
        2,
        2,
        2,
        null
      ]
    },
    "timestamp": 1475616106
  }
}
